
Showing logs for build [32mcb-kubecd-environment-pr-206-6-mwjcx-1[0m stage [32mfrom-build-pack[0m and container [32mstep-credential-initializer-rt4w8[0m
{"level":"info","ts":1587480054.986981,"logger":"fallback-logger","caller":"logging/config.go:69","msg":"Fetch GitHub commit ID from kodata failed: open /var/run/ko/refs/heads/0.8.0-ns-support: no such file or directory"}
{"level":"info","ts":1587480054.9877858,"logger":"fallback-logger","caller":"creds-init/main.go:40","msg":"Credentials initialized."}

Showing logs for build [32mcb-kubecd-environment-pr-206-6-mwjcx-1[0m stage [32mfrom-build-pack[0m and container [32mstep-working-dir-initializer-bvjnd[0m
{"level":"info","ts":1587480056.4242516,"logger":"fallback-logger","caller":"logging/config.go:69","msg":"Fetch GitHub commit ID from kodata failed: open /var/run/ko/HEAD: no such file or directory"}
{"level":"info","ts":1587480056.4256117,"logger":"fallback-logger","caller":"bash/main.go:64","msg":"Successfully executed command \"sh -c mkdir -p /workspace/source\"; output "}

Showing logs for build [32mcb-kubecd-environment-pr-206-6-mwjcx-1[0m stage [32mfrom-build-pack[0m and container [32mstep-place-tools[0m

Showing logs for build [32mcb-kubecd-environment-pr-206-6-mwjcx-1[0m stage [32mfrom-build-pack[0m and container [32mstep-git-source-cb-kubecd-environment-pr-206-6-mwjcx-62b4d[0m
{"level":"info","ts":1587480059.5044208,"logger":"fallback-logger","caller":"logging/config.go:69","msg":"Fetch GitHub commit ID from kodata failed: open /var/run/ko/refs/heads/0.8.0-ns-support: no such file or directory"}
{"level":"info","ts":1587480060.533734,"logger":"fallback-logger","caller":"git/git.go:103","msg":"Successfully cloned https://github.com/cb-kubecd/environment-pr-206-6-boot-vault-gke-staging.git @ master in path /workspace/source"}

Showing logs for build [32mcb-kubecd-environment-pr-206-6-mwjcx-1[0m stage [32mfrom-build-pack[0m and container [32mstep-git-merge[0m
Using SHAs from PULL_REFS=master:2ac98763b419b56b8df4392d95d8efd05ad554b1,1:bcaf3e39e3c8263088b37aacb36b8fe39be35ce4
DEBUG: JX_LOG_LEVEL=error LC_ALL=C git fetch origin --unshallow bcaf3e39e3c8263088b37aacb36b8fe39be35ce4: 2ac98763b419b56b8df4392d95d8efd05ad554b1:
DEBUG: ran git fetch --unshallow origin bcaf3e39e3c8263088b37aacb36b8fe39be35ce4: 2ac98763b419b56b8df4392d95d8efd05ad554b1: in 
DEBUG: LC_ALL=C JX_LOG_LEVEL=error git branch
DEBUG: JX_LOG_LEVEL=error LC_ALL=C git checkout master
DEBUG: ran git checkout master in 
DEBUG: LC_ALL=C JX_LOG_LEVEL=error git reset --hard 2ac98763b419b56b8df4392d95d8efd05ad554b1
DEBUG: ran git reset --hard 2ac98763b419b56b8df4392d95d8efd05ad554b1 in 
DEBUG: LC_ALL=C JX_LOG_LEVEL=error git clean -fd .
DEBUG: ran clean --force -d . in 
DEBUG: LC_ALL=C JX_LOG_LEVEL=error git merge bcaf3e39e3c8263088b37aacb36b8fe39be35ce4
DEBUG: ran git merge bcaf3e39e3c8263088b37aacb36b8fe39be35ce4 in 
DEBUG: LC_ALL=C JX_LOG_LEVEL=error git log --format=%H%x1f%an%x1f%ae%x1f%cn%x1f%ce%x1f%s%n%b%x1e 2ac98763b419b56b8df4392d95d8efd05ad554b1..HEAD
Merged SHA bcaf3e39e3c8263088b37aacb36b8fe39be35ce4 with commit message 'chore: Promote bdd-spring-1587479583 to version 0.0.1' into base branch master

Showing logs for build [32mcb-kubecd-environment-pr-206-6-mwjcx-1[0m stage [32mfrom-build-pack[0m and container [32mstep-build-helm-build[0m
WARNING: No $CHART_REPOSITORY defined so using the default value of: http://jenkins-x-chartmuseum:8080
Adding missing Helm repo: storage.googleapis.com https://storage.googleapis.com/chartmuseum.jenkins-x.io
WARNING: No secrets found on "helm/repos" due: reading the secret "helm/repos" from vault: no secret "helm/repos" not found in vault
Read credentials for https://storage.googleapis.com/chartmuseum.jenkins-x.io from vault helm/repos
Successfully added Helm repository storage.googleapis.com.
Adding missing Helm repo: jenkins-x-chartmuseum http://jenkins-x-chartmuseum:8080
WARNING: No secrets found on "helm/repos" due: reading the secret "helm/repos" from vault: no secret "helm/repos" not found in vault
Read credentials for http://jenkins-x-chartmuseum:8080 from vault helm/repos
Successfully added Helm repository jenkins-x-chartmuseum.
WARNING: No $CHART_REPOSITORY defined so using the default value of: http://jenkins-x-chartmuseum:8080
Adding missing Helm repo: chartmuseum.jenkins-x.io http://chartmuseum.jenkins-x.io
WARNING: No secrets found on "helm/repos" due: reading the secret "helm/repos" from vault: no secret "helm/repos" not found in vault
Read credentials for http://chartmuseum.jenkins-x.io from vault helm/repos
Successfully added Helm repository chartmuseum.jenkins-x.io.
